# JRE version: OpenJDK Runtime Environment (8.0_212-b04) (build 1.8.0_212-release-1586-b04)
# Java VM: OpenJDK 64-Bit Server VM (25.212-b04 mixed mode windows-amd64 compressed oops)
Heap:
 PSYoungGen      total 409600K, used 306889K [0x00000000e0000000, 0x00000000ffd00000, 0x0000000100000000)
  eden space 365568K, 79% used [0x00000000e0000000,0x00000000f1a3be40,0x00000000f6500000)
  from space 44032K, 40% used [0x00000000f6500000,0x00000000f7678968,0x00000000f9000000)
  to   space 43008K, 0% used [0x00000000fd300000,0x00000000fd300000,0x00000000ffd00000)
 ParOldGen       total 342016K, used 75690K [0x00000000a0000000, 0x00000000b4e00000, 0x00000000e0000000)
  object space 342016K, 22% used [0x00000000a0000000,0x00000000a49eaa30,0x00000000b4e00000)
 Metaspace       used 107211K, capacity 113004K, committed 113280K, reserved 1146880K
  class space    used 14045K, capacity 15194K, committed 15232K, reserved 1048576K
GC Heap History (10 events):
Event: 123.678 GC heap before
{Heap before GC invocations=21 (full 4):
 PSYoungGen      total 304640K, used 258048K [0x00000000e0000000, 0x00000000f6980000, 0x0000000100000000)
  eden space 258048K, 100% used [0x00000000e0000000,0x00000000efc00000,0x00000000efc00000)
  from space 46592K, 0% used [0x00000000f2900000,0x00000000f2900000,0x00000000f5680000)
  to   space 46080K, 0% used [0x00000000efc00000,0x00000000efc00000,0x00000000f2900000)
 ParOldGen       total 342016K, used 65320K [0x00000000a0000000, 0x00000000b4e00000, 0x00000000e0000000)
  object space 342016K, 19% used [0x00000000a0000000,0x00000000a3fca270,0x00000000b4e00000)
 Metaspace       used 105409K, capacity 111022K, committed 111104K, reserved 1144832K
  class space    used 13932K, capacity 15053K, committed 15104K, reserved 1048576K
Event: 123.697 GC heap after
Heap after GC invocations=21 (full 4):
 PSYoungGen      total 304128K, used 25368K [0x00000000e0000000, 0x00000000f7e00000, 0x0000000100000000)
  eden space 258048K, 0% used [0x00000000e0000000,0x00000000e0000000,0x00000000efc00000)
  from space 46080K, 55% used [0x00000000efc00000,0x00000000f14c63b0,0x00000000f2900000)
  to   space 45568K, 0% used [0x00000000f5180000,0x00000000f5180000,0x00000000f7e00000)
 ParOldGen       total 342016K, used 65328K [0x00000000a0000000, 0x00000000b4e00000, 0x00000000e0000000)
  object space 342016K, 19% used [0x00000000a0000000,0x00000000a3fcc270,0x00000000b4e00000)
 Metaspace       used 105409K, capacity 111022K, committed 111104K, reserved 1144832K
  class space    used 13932K, capacity 15053K, committed 15104K, reserved 1048576K
}
Event: 124.236 GC heap before
{Heap before GC invocations=22 (full 4):
 PSYoungGen      total 304128K, used 283416K [0x00000000e0000000, 0x00000000f7e00000, 0x0000000100000000)
  eden space 258048K, 100% used [0x00000000e0000000,0x00000000efc00000,0x00000000efc00000)
  from space 46080K, 55% used [0x00000000efc00000,0x00000000f14c63b0,0x00000000f2900000)
  to   space 45568K, 0% used [0x00000000f5180000,0x00000000f5180000,0x00000000f7e00000)
 ParOldGen       total 342016K, used 65328K [0x00000000a0000000, 0x00000000b4e00000, 0x00000000e0000000)
  object space 342016K, 19% used [0x00000000a0000000,0x00000000a3fcc270,0x00000000b4e00000)
 Metaspace       used 105973K, capacity 111732K, committed 112000K, reserved 1146880K
  class space    used 14008K, capacity 15144K, committed 15232K, reserved 1048576K
Event: 124.257 GC heap after
Heap after GC invocations=22 (full 4):
 PSYoungGen      total 346112K, used 27253K [0x00000000e0000000, 0x00000000f8480000, 0x0000000100000000)
  eden space 300544K, 0% used [0x00000000e0000000,0x00000000e0000000,0x00000000f2580000)
  from space 45568K, 59% used [0x00000000f5180000,0x00000000f6c1d748,0x00000000f7e00000)
  to   space 45056K, 0% used [0x00000000f2580000,0x00000000f2580000,0x00000000f5180000)
 ParOldGen       total 342016K, used 65336K [0x00000000a0000000, 0x00000000b4e00000, 0x00000000e0000000)
  object space 342016K, 19% used [0x00000000a0000000,0x00000000a3fce270,0x00000000b4e00000)
 Metaspace       used 105973K, capacity 111732K, committed 112000K, reserved 1146880K
  class space    used 14008K, capacity 15144K, committed 15232K, reserved 1048576K
}
Event: 124.631 GC heap before
{Heap before GC invocations=23 (full 4):
 PSYoungGen      total 346112K, used 327797K [0x00000000e0000000, 0x00000000f8480000, 0x0000000100000000)
  eden space 300544K, 100% used [0x00000000e0000000,0x00000000f2580000,0x00000000f2580000)
  from space 45568K, 59% used [0x00000000f5180000,0x00000000f6c1d748,0x00000000f7e00000)
  to   space 45056K, 0% used [0x00000000f2580000,0x00000000f2580000,0x00000000f5180000)
 ParOldGen       total 342016K, used 65336K [0x00000000a0000000, 0x00000000b4e00000, 0x00000000e0000000)
  object space 342016K, 19% used [0x00000000a0000000,0x00000000a3fce270,0x00000000b4e00000)
 Metaspace       used 106453K, capacity 112172K, committed 112256K, reserved 1146880K
  class space    used 14030K, capacity 15150K, committed 15232K, reserved 1048576K
Event: 124.647 GC heap after
Heap after GC invocations=23 (full 4):
 PSYoungGen      total 345600K, used 26885K [0x00000000e0000000, 0x00000000fbc00000, 0x0000000100000000)
  eden space 300544K, 0% used [0x00000000e0000000,0x00000000e0000000,0x00000000f2580000)
  from space 45056K, 59% used [0x00000000f2580000,0x00000000f3fc1488,0x00000000f5180000)
  to   space 45056K, 0% used [0x00000000f9000000,0x00000000f9000000,0x00000000fbc00000)
 ParOldGen       total 342016K, used 65344K [0x00000000a0000000, 0x00000000b4e00000, 0x00000000e0000000)
  object space 342016K, 19% used [0x00000000a0000000,0x00000000a3fd0270,0x00000000b4e00000)
 Metaspace       used 106453K, capacity 112172K, committed 112256K, reserved 1146880K
  class space    used 14030K, capacity 15150K, committed 15232K, reserved 1048576K
}
Event: 124.928 GC heap before
{Heap before GC invocations=24 (full 4):
 PSYoungGen      total 345600K, used 327429K [0x00000000e0000000, 0x00000000fbc00000, 0x0000000100000000)
  eden space 300544K, 100% used [0x00000000e0000000,0x00000000f2580000,0x00000000f2580000)
  from space 45056K, 59% used [0x00000000f2580000,0x00000000f3fc1488,0x00000000f5180000)
  to   space 45056K, 0% used [0x00000000f9000000,0x00000000f9000000,0x00000000fbc00000)
 ParOldGen       total 342016K, used 65785K [0x00000000a0000000, 0x00000000b4e00000, 0x00000000e0000000)
  object space 342016K, 19% used [0x00000000a0000000,0x00000000a403e5c8,0x00000000b4e00000)
 Metaspace       used 106783K, capacity 112550K, committed 112768K, reserved 1146880K
  class space    used 14033K, capacity 15153K, committed 15232K, reserved 1048576K
Event: 124.942 GC heap after
Heap after GC invocations=24 (full 4):
 PSYoungGen      total 410624K, used 26516K [0x00000000e0000000, 0x00000000fbf80000, 0x0000000100000000)
  eden space 365568K, 0% used [0x00000000e0000000,0x00000000e0000000,0x00000000f6500000)
  from space 45056K, 58% used [0x00000000f9000000,0x00000000fa9e5158,0x00000000fbc00000)
  to   space 44032K, 0% used [0x00000000f6500000,0x00000000f6500000,0x00000000f9000000)
 ParOldGen       total 342016K, used 65793K [0x00000000a0000000, 0x00000000b4e00000, 0x00000000e0000000)
  object space 342016K, 19% used [0x00000000a0000000,0x00000000a40405c8,0x00000000b4e00000)
 Metaspace       used 106783K, capacity 112550K, committed 112768K, reserved 1146880K
  class space    used 14033K, capacity 15153K, committed 15232K, reserved 1048576K
}
Event: 125.307 GC heap before
{Heap before GC invocations=25 (full 4):
 PSYoungGen      total 410624K, used 392084K [0x00000000e0000000, 0x00000000fbf80000, 0x0000000100000000)
  eden space 365568K, 100% used [0x00000000e0000000,0x00000000f6500000,0x00000000f6500000)
  from space 45056K, 58% used [0x00000000f9000000,0x00000000fa9e5158,0x00000000fbc00000)
  to   space 44032K, 0% used [0x00000000f6500000,0x00000000f6500000,0x00000000f9000000)
 ParOldGen       total 342016K, used 65795K [0x00000000a0000000, 0x00000000b4e00000, 0x00000000e0000000)
  object space 342016K, 19% used [0x00000000a0000000,0x00000000a4040e08,0x00000000b4e00000)
 Metaspace       used 107015K, capacity 112802K, committed 113024K, reserved 1146880K
  class space    used 14037K, capacity 15157K, committed 15232K, reserved 1048576K
Event: 125.324 GC heap after
Heap after GC invocations=25 (full 4):
 PSYoungGen      total 409600K, used 17890K [0x00000000e0000000, 0x00000000ffd00000, 0x0000000100000000)
  eden space 365568K, 0% used [0x00000000e0000000,0x00000000e0000000,0x00000000f6500000)
  from space 44032K, 40% used [0x00000000f6500000,0x00000000f7678968,0x00000000f9000000)
  to   space 43008K, 0% used [0x00000000fd300000,0x00000000fd300000,0x00000000ffd00000)
 ParOldGen       total 342016K, used 75690K [0x00000000a0000000, 0x00000000b4e00000, 0x00000000e0000000)
  object space 342016K, 22% used [0x00000000a0000000,0x00000000a49eaa30,0x00000000b4e00000)
 Metaspace       used 107015K, capacity 112802K, committed 113024K, reserved 1146880K
  class space    used 14037K, capacity 15157K, committed 15232K, reserved 1048576K
}

