# JRE version: OpenJDK Runtime Environment (8.0_212-b04) (build 1.8.0_212-release-1586-b04)
# Java VM: OpenJDK 64-Bit Server VM (25.212-b04 mixed mode windows-amd64 compressed oops)
Heap:
 PSYoungGen      total 234496K, used 105663K [0x00000000e0000000, 0x00000000eff00000, 0x0000000100000000)
  eden space 211968K, 41% used [0x00000000e0000000,0x00000000e56af8e0,0x00000000ecf00000)
  from space 22528K, 75% used [0x00000000ee900000,0x00000000ef980550,0x00000000eff00000)
  to   space 24576K, 0% used [0x00000000ecf00000,0x00000000ecf00000,0x00000000ee700000)
 ParOldGen       total 249344K, used 52791K [0x00000000a0000000, 0x00000000af380000, 0x00000000e0000000)
  object space 249344K, 21% used [0x00000000a0000000,0x00000000a338dca8,0x00000000af380000)
 Metaspace       used 82774K, capacity 87128K, committed 87424K, reserved 1124352K
  class space    used 10965K, capacity 11818K, committed 11904K, reserved 1048576K
GC Heap History (10 events):
Event: 5.897 GC heap before
{Heap before GC invocations=13 (full 3):
 PSYoungGen      total 179200K, used 10741K [0x00000000e0000000, 0x00000000ee600000, 0x0000000100000000)
  eden space 168448K, 0% used [0x00000000e0000000,0x00000000e0000000,0x00000000ea480000)
  from space 10752K, 99% used [0x00000000eb900000,0x00000000ec37d478,0x00000000ec380000)
  to   space 20992K, 0% used [0x00000000ea480000,0x00000000ea480000,0x00000000eb900000)
 ParOldGen       total 166912K, used 33941K [0x00000000a0000000, 0x00000000aa300000, 0x00000000e0000000)
  object space 166912K, 20% used [0x00000000a0000000,0x00000000a2125430,0x00000000aa300000)
 Metaspace       used 57060K, capacity 58930K, committed 59136K, reserved 1099776K
  class space    used 7784K, capacity 8192K, committed 8192K, reserved 1048576K
Event: 6.082 GC heap after
Heap after GC invocations=13 (full 3):
 PSYoungGen      total 179200K, used 0K [0x00000000e0000000, 0x00000000ee600000, 0x0000000100000000)
  eden space 168448K, 0% used [0x00000000e0000000,0x00000000e0000000,0x00000000ea480000)
  from space 10752K, 0% used [0x00000000eb900000,0x00000000eb900000,0x00000000ec380000)
  to   space 20992K, 0% used [0x00000000ea480000,0x00000000ea480000,0x00000000eb900000)
 ParOldGen       total 249344K, used 32006K [0x00000000a0000000, 0x00000000af380000, 0x00000000e0000000)
  object space 249344K, 12% used [0x00000000a0000000,0x00000000a1f41b10,0x00000000af380000)
 Metaspace       used 57049K, capacity 58894K, committed 59136K, reserved 1099776K
  class space    used 7781K, capacity 8186K, committed 8192K, reserved 1048576K
}
Event: 7.173 GC heap before
{Heap before GC invocations=14 (full 3):
 PSYoungGen      total 179200K, used 168448K [0x00000000e0000000, 0x00000000ee600000, 0x0000000100000000)
  eden space 168448K, 100% used [0x00000000e0000000,0x00000000ea480000,0x00000000ea480000)
  from space 10752K, 0% used [0x00000000eb900000,0x00000000eb900000,0x00000000ec380000)
  to   space 20992K, 0% used [0x00000000ea480000,0x00000000ea480000,0x00000000eb900000)
 ParOldGen       total 249344K, used 32018K [0x00000000a0000000, 0x00000000af380000, 0x00000000e0000000)
  object space 249344K, 12% used [0x00000000a0000000,0x00000000a1f44958,0x00000000af380000)
 Metaspace       used 63257K, capacity 66194K, committed 66304K, reserved 1105920K
  class space    used 8763K, capacity 9386K, committed 9472K, reserved 1048576K
Event: 7.185 GC heap after
Heap after GC invocations=14 (full 3):
 PSYoungGen      total 189440K, used 12778K [0x00000000e0000000, 0x00000000ee600000, 0x0000000100000000)
  eden space 168448K, 0% used [0x00000000e0000000,0x00000000e0000000,0x00000000ea480000)
  from space 20992K, 60% used [0x00000000ea480000,0x00000000eb0fa8f8,0x00000000eb900000)
  to   space 20480K, 0% used [0x00000000ed200000,0x00000000ed200000,0x00000000ee600000)
 ParOldGen       total 249344K, used 32026K [0x00000000a0000000, 0x00000000af380000, 0x00000000e0000000)
  object space 249344K, 12% used [0x00000000a0000000,0x00000000a1f46958,0x00000000af380000)
 Metaspace       used 63257K, capacity 66194K, committed 66304K, reserved 1105920K
  class space    used 8763K, capacity 9386K, committed 9472K, reserved 1048576K
}
Event: 8.397 GC heap before
{Heap before GC invocations=15 (full 3):
 PSYoungGen      total 189440K, used 181226K [0x00000000e0000000, 0x00000000ee600000, 0x0000000100000000)
  eden space 168448K, 100% used [0x00000000e0000000,0x00000000ea480000,0x00000000ea480000)
  from space 20992K, 60% used [0x00000000ea480000,0x00000000eb0fa8f8,0x00000000eb900000)
  to   space 20480K, 0% used [0x00000000ed200000,0x00000000ed200000,0x00000000ee600000)
 ParOldGen       total 249344K, used 32026K [0x00000000a0000000, 0x00000000af380000, 0x00000000e0000000)
  object space 249344K, 12% used [0x00000000a0000000,0x00000000a1f46958,0x00000000af380000)
 Metaspace       used 70361K, capacity 73798K, committed 73984K, reserved 1112064K
  class space    used 9692K, capacity 10390K, committed 10496K, reserved 1048576K
Event: 8.418 GC heap after
Heap after GC invocations=15 (full 3):
 PSYoungGen      total 211456K, used 20460K [0x00000000e0000000, 0x00000000eed00000, 0x0000000100000000)
  eden space 190976K, 0% used [0x00000000e0000000,0x00000000e0000000,0x00000000eba80000)
  from space 20480K, 99% used [0x00000000ed200000,0x00000000ee5fb210,0x00000000ee600000)
  to   space 24064K, 0% used [0x00000000eba80000,0x00000000eba80000,0x00000000ed200000)
 ParOldGen       total 249344K, used 35701K [0x00000000a0000000, 0x00000000af380000, 0x00000000e0000000)
  object space 249344K, 14% used [0x00000000a0000000,0x00000000a22dd6e0,0x00000000af380000)
 Metaspace       used 70361K, capacity 73798K, committed 73984K, reserved 1112064K
  class space    used 9692K, capacity 10390K, committed 10496K, reserved 1048576K
}
Event: 3234.727 GC heap before
{Heap before GC invocations=16 (full 3):
 PSYoungGen      total 211456K, used 211436K [0x00000000e0000000, 0x00000000eed00000, 0x0000000100000000)
  eden space 190976K, 100% used [0x00000000e0000000,0x00000000eba80000,0x00000000eba80000)
  from space 20480K, 99% used [0x00000000ed200000,0x00000000ee5fb210,0x00000000ee600000)
  to   space 24064K, 0% used [0x00000000eba80000,0x00000000eba80000,0x00000000ed200000)
 ParOldGen       total 249344K, used 35701K [0x00000000a0000000, 0x00000000af380000, 0x00000000e0000000)
  object space 249344K, 14% used [0x00000000a0000000,0x00000000a22dd6e0,0x00000000af380000)
 Metaspace       used 77685K, capacity 81922K, committed 82176K, reserved 1120256K
  class space    used 10403K, capacity 11228K, committed 11264K, reserved 1048576K
Event: 3234.751 GC heap after
Heap after GC invocations=16 (full 3):
 PSYoungGen      total 215040K, used 16274K [0x00000000e0000000, 0x00000000f0080000, 0x0000000100000000)
  eden space 190976K, 0% used [0x00000000e0000000,0x00000000e0000000,0x00000000eba80000)
  from space 24064K, 67% used [0x00000000eba80000,0x00000000eca64a90,0x00000000ed200000)
  to   space 24064K, 0% used [0x00000000ee900000,0x00000000ee900000,0x00000000f0080000)
 ParOldGen       total 249344K, used 52783K [0x00000000a0000000, 0x00000000af380000, 0x00000000e0000000)
  object space 249344K, 21% used [0x00000000a0000000,0x00000000a338bca8,0x00000000af380000)
 Metaspace       used 77685K, capacity 81922K, committed 82176K, reserved 1120256K
  class space    used 10403K, capacity 11228K, committed 11264K, reserved 1048576K
}
Event: 3237.023 GC heap before
{Heap before GC invocations=17 (full 3):
 PSYoungGen      total 215040K, used 207250K [0x00000000e0000000, 0x00000000f0080000, 0x0000000100000000)
  eden space 190976K, 100% used [0x00000000e0000000,0x00000000eba80000,0x00000000eba80000)
  from space 24064K, 67% used [0x00000000eba80000,0x00000000eca64a90,0x00000000ed200000)
  to   space 24064K, 0% used [0x00000000ee900000,0x00000000ee900000,0x00000000f0080000)
 ParOldGen       total 249344K, used 52783K [0x00000000a0000000, 0x00000000af380000, 0x00000000e0000000)
  object space 249344K, 21% used [0x00000000a0000000,0x00000000a338bca8,0x00000000af380000)
 Metaspace       used 80496K, capacity 84728K, committed 84864K, reserved 1122304K
  class space    used 10696K, capacity 11523K, committed 11648K, reserved 1048576K
Event: 3237.035 GC heap after
Heap after GC invocations=17 (full 3):
 PSYoungGen      total 234496K, used 16897K [0x00000000e0000000, 0x00000000eff00000, 0x0000000100000000)
  eden space 211968K, 0% used [0x00000000e0000000,0x00000000e0000000,0x00000000ecf00000)
  from space 22528K, 75% used [0x00000000ee900000,0x00000000ef980550,0x00000000eff00000)
  to   space 24576K, 0% used [0x00000000ecf00000,0x00000000ecf00000,0x00000000ee700000)
 ParOldGen       total 249344K, used 52791K [0x00000000a0000000, 0x00000000af380000, 0x00000000e0000000)
  object space 249344K, 21% used [0x00000000a0000000,0x00000000a338dca8,0x00000000af380000)
 Metaspace       used 80496K, capacity 84728K, committed 84864K, reserved 1122304K
  class space    used 10696K, capacity 11523K, committed 11648K, reserved 1048576K
}

